accelerometer/build/outputs/apk/manifest-merger-debug-report.txt
-- Merging decision tree log ---
manifest
ADDED from AndroidManifest.xml:2:1
	xmlns:android
		ADDED from AndroidManifest.xml:2:11
	package
		ADDED from AndroidManifest.xml:3:2
	android:versionName
		ADDED from AndroidManifest.xml:4:2
	android:versionCode
		ADDED from AndroidManifest.xml:3:39
		INJECTED from AndroidManifest.xml:0:0
		INJECTED from AndroidManifest.xml:0:0
application
ADDED from AndroidManifest.xml:5:2
	android:label
		ADDED from AndroidManifest.xml:5:15
	android:icon
		ADDED from AndroidManifest.xml:5:48
activity#esciencecentral.mobile.app.Main
ADDED from AndroidManifest.xml:6:3
	android:label
		ADDED from AndroidManifest.xml:6:34
	android:name
		ADDED from AndroidManifest.xml:6:13
intent-filter#android.intent.action.MAIN+android.intent.category.LAUNCHER
ADDED from AndroidManifest.xml:7:4
action#android.intent.action.MAIN
ADDED from AndroidManifest.xml:8:5
	android:name
		ADDED from AndroidManifest.xml:8:13
category#android.intent.category.LAUNCHER
ADDED from AndroidManifest.xml:9:5
	android:name
		ADDED from AndroidManifest.xml:9:15
service#esciencecentral.mobile.app.recordingService
ADDED from AndroidManifest.xml:12:3
	android:enabled
		ADDED from AndroidManifest.xml:12:12
	android:name
		ADDED from AndroidManifest.xml:12:35
uses-sdk
ADDED from AndroidManifest.xml:14:2
	android:minSdkVersion
		ADDED from AndroidManifest.xml:14:12
uses-permission#android.permission.WRITE_EXTERNAL_STORAGE
ADDED from AndroidManifest.xml:15:2
	android:name
		ADDED from AndroidManifest.xml:15:19
uses-permission#android.permission.INTERNET
ADDED from AndroidManifest.xml:18:1
	android:name
		ADDED from AndroidManifest.xml:18:18
uses-permission#android.permission.MANAGE_ACCOUNTS
ADDED from AndroidManifest.xml:19:1
	android:name
		ADDED from AndroidManifest.xml:19:18